f:\study\muduo-win\src\build\calm\calm\x64\debug\vc141.pdb
f:\study\muduo-win\src\build\calm\calm\x64\debug\vc141.idb
f:\study\muduo-win\src\build\calm\calm\x64\debug\eventloopthreadpool.obj
f:\study\muduo-win\src\build\calm\calm\x64\debug\eventloopthread.obj
f:\study\muduo-win\src\build\calm\calm\x64\debug\eventloop.obj
f:\study\muduo-win\src\build\calm\calm\x64\debug\connector.obj
f:\study\muduo-win\src\build\calm\calm\x64\debug\channel.obj
f:\study\muduo-win\src\build\calm\calm\x64\debug\buffer.obj
f:\study\muduo-win\src\build\calm\calm\x64\debug\acceptor.obj
f:\study\muduo-win\src\build\calm\calm\x64\debug\win_time.obj
f:\study\muduo-win\src\build\calm\calm\x64\debug\timestamp.obj
f:\study\muduo-win\src\build\calm\calm\x64\debug\thread_pool.obj
f:\study\muduo-win\src\build\calm\calm\x64\debug\md5.obj
f:\study\muduo-win\src\build\calm\calm\x64\debug\base64.obj
f:\study\muduo-win\src\build\calm\calm\x64\debug\aes_core.obj
f:\study\muduo-win\src\build\calm\calm\x64\debug\log_stream.obj
f:\study\muduo-win\src\build\calm\calm\x64\debug\log_file.obj
f:\study\muduo-win\src\build\calm\calm\x64\debug\logging.obj
f:\study\muduo-win\src\build\calm\calm\x64\debug\file_util.obj
f:\study\muduo-win\src\build\calm\calm\x64\debug\count_down_latch.obj
f:\study\muduo-win\src\build\calm\calm\x64\debug\config_file_reader.obj
f:\study\muduo-win\src\build\calm\calm\x64\debug\async_logging.obj
f:\study\muduo-win\src\build\calm\calm\x64\debug\log_file_test.obj
f:\study\muduo-win\src\build\calm\calm\x64\debug\logging_test.obj
f:\study\muduo-win\src\build\calm\calm\x64\debug\eventloopthread_test.obj
f:\study\muduo-win\src\build\calm\calm\x64\debug\eventloopthreadpool_test.obj
f:\study\muduo-win\src\build\calm\calm\x64\debug\echoserver_test.obj
f:\study\muduo-win\src\build\calm\calm\x64\debug\connector_test.obj
f:\study\muduo-win\src\build\calm\calm\x64\debug\config_file_read_test.obj
f:\study\muduo-win\src\build\calm\calm\x64\debug\async_logging_test.obj
f:\study\muduo-win\src\build\calm\calm\x64\debug\acceptor_test.obj
f:\study\muduo-win\src\build\calm\calm\x64\debug\timerqueue.obj
f:\study\muduo-win\src\build\calm\calm\x64\debug\timer.obj
f:\study\muduo-win\src\build\calm\calm\x64\debug\tcpserver.obj
f:\study\muduo-win\src\build\calm\calm\x64\debug\tcpconnection.obj
f:\study\muduo-win\src\build\calm\calm\x64\debug\tcpclient.obj
f:\study\muduo-win\src\build\calm\calm\x64\debug\socketsops.obj
f:\study\muduo-win\src\build\calm\calm\x64\debug\socket.obj
f:\study\muduo-win\src\build\calm\calm\x64\debug\selectpoller.obj
f:\study\muduo-win\src\build\calm\calm\x64\debug\defaultpoller.obj
f:\study\muduo-win\src\build\calm\calm\x64\debug\poller.obj
f:\study\muduo-win\src\build\calm\calm\x64\debug\inetaddress.obj
f:\study\muduo-win\src\build\calm\calm\x64\debug\time_min_heap_test.obj
f:\study\muduo-win\src\build\calm\calm\x64\debug\timerqueue_test.obj
f:\study\muduo-win\src\build\calm\calm\x64\debug\threadpool_test.obj
f:\study\muduo-win\src\build\calm\calm\x64\debug\tcpclient_test.obj
f:\study\muduo-win\src\build\calm\calm\x64\debug\socketsops_test.obj
f:\study\muduo-win\src\build\calm\calm\x64\debug\testprotobuf.obj
f:\study\muduo-win\src\build\calm\calm\x64\debug\person.pb.obj
f:\study\muduo-win\src\build\calm\calm\x64\debug\min_heap_test.obj
f:\study\muduo-win\src\build\calm\calm\x64\debug\security_test.obj
f:\study\muduo-win\src\build\calm\calm\x64\debug\eventloop_test.obj
f:\study\muduo-win\src\build\calm\calm\x64\debug\log_stream_bench.obj
f:\md_win\src\build\calm\calm\x64\debug\acceptor.obj
f:\md_win\src\build\calm\calm\x64\debug\acceptor_test.obj
f:\md_win\src\build\calm\calm\x64\debug\aes_core.obj
f:\md_win\src\build\calm\calm\x64\debug\async_logging.obj
f:\md_win\src\build\calm\calm\x64\debug\async_logging_test.obj
f:\md_win\src\build\calm\calm\x64\debug\base64.obj
f:\md_win\src\build\calm\calm\x64\debug\buffer.obj
f:\md_win\src\build\calm\calm\x64\debug\channel.obj
f:\md_win\src\build\calm\calm\x64\debug\config_file_reader.obj
f:\md_win\src\build\calm\calm\x64\debug\config_file_read_test.obj
f:\md_win\src\build\calm\calm\x64\debug\connector.obj
f:\md_win\src\build\calm\calm\x64\debug\connector_test.obj
f:\md_win\src\build\calm\calm\x64\debug\count_down_latch.obj
f:\md_win\src\build\calm\calm\x64\debug\defaultpoller.obj
f:\md_win\src\build\calm\calm\x64\debug\echoserver_test.obj
f:\md_win\src\build\calm\calm\x64\debug\eventloop.obj
f:\md_win\src\build\calm\calm\x64\debug\eventloopthread.obj
f:\md_win\src\build\calm\calm\x64\debug\eventloopthreadpool.obj
f:\md_win\src\build\calm\calm\x64\debug\eventloopthreadpool_test.obj
f:\md_win\src\build\calm\calm\x64\debug\eventloopthread_test.obj
f:\md_win\src\build\calm\calm\x64\debug\eventloop_test.obj
f:\md_win\src\build\calm\calm\x64\debug\file_util.obj
f:\md_win\src\build\calm\calm\x64\debug\inetaddress.obj
f:\md_win\src\build\calm\calm\x64\debug\logging.obj
f:\md_win\src\build\calm\calm\x64\debug\logging_test.obj
f:\md_win\src\build\calm\calm\x64\debug\log_file.obj
f:\md_win\src\build\calm\calm\x64\debug\log_file_test.obj
f:\md_win\src\build\calm\calm\x64\debug\log_stream.obj
f:\md_win\src\build\calm\calm\x64\debug\log_stream_bench.obj
f:\md_win\src\build\calm\calm\x64\debug\md5.obj
f:\md_win\src\build\calm\calm\x64\debug\min_heap_test.obj
f:\md_win\src\build\calm\calm\x64\debug\person.pb.obj
f:\md_win\src\build\calm\calm\x64\debug\poller.obj
f:\md_win\src\build\calm\calm\x64\debug\security_test.obj
f:\md_win\src\build\calm\calm\x64\debug\selectpoller.obj
f:\md_win\src\build\calm\calm\x64\debug\socket.obj
f:\md_win\src\build\calm\calm\x64\debug\socketsops.obj
f:\md_win\src\build\calm\calm\x64\debug\socketsops_test.obj
f:\md_win\src\build\calm\calm\x64\debug\tcpclient.obj
f:\md_win\src\build\calm\calm\x64\debug\tcpclient_test.obj
f:\md_win\src\build\calm\calm\x64\debug\tcpconnection.obj
f:\md_win\src\build\calm\calm\x64\debug\tcpserver.obj
f:\md_win\src\build\calm\calm\x64\debug\testprotobuf.obj
f:\md_win\src\build\calm\calm\x64\debug\threadpool_test.obj
f:\md_win\src\build\calm\calm\x64\debug\thread_pool.obj
f:\md_win\src\build\calm\calm\x64\debug\timer.obj
f:\md_win\src\build\calm\calm\x64\debug\timerqueue.obj
f:\md_win\src\build\calm\calm\x64\debug\timerqueue_test.obj
f:\md_win\src\build\calm\calm\x64\debug\timestamp.obj
f:\md_win\src\build\calm\calm\x64\debug\time_min_heap_test.obj
f:\md_win\src\build\calm\calm\x64\debug\win_time.obj
f:\md_win\src\build\calm\calm\x64\debug\vc141.idb
f:\md_win\src\build\calm\calm\x64\debug\vc141.pdb
f:\md_win\src\build\calm\calm\x64\debug\calm.tlog\cl.command.1.tlog
f:\md_win\src\build\calm\calm\x64\debug\calm.tlog\cl.read.1.tlog
f:\md_win\src\build\calm\calm\x64\debug\calm.tlog\cl.write.1.tlog
f:\md_win\src\build\calm\calm\x64\debug\calm.tlog\link.command.1.tlog
f:\md_win\src\build\calm\calm\x64\debug\calm.tlog\link.read.1.tlog
f:\md_win\src\build\calm\calm\x64\debug\calm.tlog\link.write.1.tlog
